<?xml version="1.0" encoding="UTF-8"?>
<testng-results ignored="0" total="2" passed="2" failed="0" skipped="0">
  <reporter-output>
  </reporter-output>
  <suite started-at="2023-02-21T10:53:32 IST" name="Default suite" finished-at="2023-02-21T10:53:41 IST" duration-ms="8719">
    <groups>
    </groups>
    <test started-at="2023-02-21T10:53:32 IST" name="Default test" finished-at="2023-02-21T10:53:41 IST" duration-ms="8719">
      <class name="Auth.Authsetup">
        <test-method signature="getass()[pri:1, instance:Auth.Authsetup@66c61024]" started-at="2023-02-21T10:53:32 IST" name="getass" finished-at="2023-02-21T10:53:37 IST" duration-ms="4290" status="PASS">
          <reporter-output>
          </reporter-output>
        </test-method> <!-- getass -->
        <test-method signature="getoken()[pri:2, instance:Auth.Authsetup@66c61024]" started-at="2023-02-21T10:53:37 IST" name="getoken" finished-at="2023-02-21T10:53:41 IST" duration-ms="4244" status="PASS">
          <reporter-output>
          </reporter-output>
        </test-method> <!-- getoken -->
      </class> <!-- Auth.Authsetup -->
    </test> <!-- Default test -->
  </suite> <!-- Default suite -->
</testng-results>
